2017-04-20 09:21:40.168+0000 WARN  [o.n.i.p.PageCache] The dbms.memory.pagecache.size setting has not been configured. It is recommended that this setting is always explicitly configured, to ensure the system has a balanced configuration. Until then, a computed heuristic value of 1637068800 bytes will be used instead. 
2017-04-20 09:21:40.380+0000 INFO  [o.n.k.i.f.CommunityEditionModule] No locking implementation specified, defaulting to 'community'
2017-04-20 09:21:40.393+0000 INFO  [o.n.k.AvailabilityGuard] Requirement makes database unavailable: Database available
2017-04-20 09:21:40.394+0000 INFO  [o.n.k.i.DiagnosticsManager] --- INITIALIZED diagnostics START ---
2017-04-20 09:21:40.394+0000 INFO  [o.n.k.i.DiagnosticsManager] Neo4j Kernel properties:
2017-04-20 09:21:40.394+0000 INFO  [o.n.k.i.DiagnosticsManager] dbms.connector.http.enabled=true
2017-04-20 09:21:40.394+0000 INFO  [o.n.k.i.DiagnosticsManager] dbms.security.auth_enabled=true
2017-04-20 09:21:40.394+0000 INFO  [o.n.k.i.DiagnosticsManager] dbms.logs.http.enabled=false
2017-04-20 09:21:40.394+0000 INFO  [o.n.k.i.DiagnosticsManager] unsupported.dbms.directories.neo4j_home=C:\Users\Vaida\Desktop\Monday
2017-04-20 09:21:40.394+0000 INFO  [o.n.k.i.DiagnosticsManager] dbms.directories.import=import
2017-04-20 09:21:40.394+0000 INFO  [o.n.k.i.DiagnosticsManager] unsupported.dbms.edition=community
2017-04-20 09:21:40.394+0000 INFO  [o.n.k.i.DiagnosticsManager] dbms.connector.bolt.enabled=true
2017-04-20 09:21:40.394+0000 INFO  [o.n.k.i.DiagnosticsManager] dbms.connector.https.enabled=true
2017-04-20 09:21:40.395+0000 INFO  [o.n.k.i.DiagnosticsManager] unsupported.dbms.directories.database=C:\Users\Vaida\Desktop\Monday
2017-04-20 09:21:40.395+0000 INFO  [o.n.k.i.DiagnosticsManager] Diagnostics providers:
2017-04-20 09:21:40.395+0000 INFO  [o.n.k.i.DiagnosticsManager] org.neo4j.kernel.configuration.Config
2017-04-20 09:21:40.395+0000 INFO  [o.n.k.i.DiagnosticsManager] org.neo4j.kernel.info.DiagnosticsManager
2017-04-20 09:21:40.395+0000 INFO  [o.n.k.i.DiagnosticsManager] SYSTEM_MEMORY
2017-04-20 09:21:40.395+0000 INFO  [o.n.k.i.DiagnosticsManager] JAVA_MEMORY
2017-04-20 09:21:40.395+0000 INFO  [o.n.k.i.DiagnosticsManager] OPERATING_SYSTEM
2017-04-20 09:21:40.395+0000 INFO  [o.n.k.i.DiagnosticsManager] JAVA_VIRTUAL_MACHINE
2017-04-20 09:21:40.395+0000 INFO  [o.n.k.i.DiagnosticsManager] CLASSPATH
2017-04-20 09:21:40.395+0000 INFO  [o.n.k.i.DiagnosticsManager] LIBRARY_PATH
2017-04-20 09:21:40.395+0000 INFO  [o.n.k.i.DiagnosticsManager] SYSTEM_PROPERTIES
2017-04-20 09:21:40.395+0000 INFO  [o.n.k.i.DiagnosticsManager] NETWORK
2017-04-20 09:21:40.395+0000 INFO  [o.n.k.i.DiagnosticsManager] System memory information:
2017-04-20 09:21:40.395+0000 INFO  [o.n.k.i.DiagnosticsManager] Total Physical memory: 3.92 GB
2017-04-20 09:21:40.395+0000 INFO  [o.n.k.i.DiagnosticsManager] Free Physical memory: 748.72 MB
2017-04-20 09:21:40.395+0000 INFO  [o.n.k.i.DiagnosticsManager] Committed virtual memory: 924.86 MB
2017-04-20 09:21:40.395+0000 INFO  [o.n.k.i.DiagnosticsManager] Total swap space: 8.61 GB
2017-04-20 09:21:40.395+0000 INFO  [o.n.k.i.DiagnosticsManager] Free swap space: 1.74 GB
2017-04-20 09:21:40.395+0000 INFO  [o.n.k.i.DiagnosticsManager] JVM memory information:
2017-04-20 09:21:40.395+0000 INFO  [o.n.k.i.DiagnosticsManager] Free  memory: 309.49 MB
2017-04-20 09:21:40.395+0000 INFO  [o.n.k.i.DiagnosticsManager] Total memory: 484.50 MB
2017-04-20 09:21:40.395+0000 INFO  [o.n.k.i.DiagnosticsManager] Max   memory: 894.50 MB
2017-04-20 09:21:40.395+0000 INFO  [o.n.k.i.DiagnosticsManager] Garbage Collector: PS Scavenge: [PS Eden Space, PS Survivor Space]
2017-04-20 09:21:40.396+0000 INFO  [o.n.k.i.DiagnosticsManager] Garbage Collector: PS MarkSweep: [PS Eden Space, PS Survivor Space, PS Old Gen]
2017-04-20 09:21:40.396+0000 INFO  [o.n.k.i.DiagnosticsManager] Memory Pool: Code Cache (Non-heap memory): committed=56.31 MB, used=55.85 MB, max=240.00 MB, threshold=0.00 B
2017-04-20 09:21:40.396+0000 INFO  [o.n.k.i.DiagnosticsManager] Memory Pool: Metaspace (Non-heap memory): committed=83.88 MB, used=81.59 MB, max=-1.00 B, threshold=0.00 B
2017-04-20 09:21:40.396+0000 INFO  [o.n.k.i.DiagnosticsManager] Memory Pool: Compressed Class Space (Non-heap memory): committed=12.38 MB, used=11.88 MB, max=1.00 GB, threshold=0.00 B
2017-04-20 09:21:40.396+0000 INFO  [o.n.k.i.DiagnosticsManager] Memory Pool: PS Eden Space (Heap memory): committed=48.00 MB, used=4.68 MB, max=283.00 MB, threshold=?
2017-04-20 09:21:40.396+0000 INFO  [o.n.k.i.DiagnosticsManager] Memory Pool: PS Survivor Space (Heap memory): committed=25.50 MB, used=13.17 MB, max=25.50 MB, threshold=?
2017-04-20 09:21:40.396+0000 INFO  [o.n.k.i.DiagnosticsManager] Memory Pool: PS Old Gen (Heap memory): committed=411.00 MB, used=157.16 MB, max=671.00 MB, threshold=0.00 B
2017-04-20 09:21:40.396+0000 INFO  [o.n.k.i.DiagnosticsManager] Operating system information:
2017-04-20 09:21:40.396+0000 INFO  [o.n.k.i.DiagnosticsManager] Operating System: Windows 10; version: 10.0; arch: amd64; cpus: 4
2017-04-20 09:21:40.397+0000 INFO  [o.n.k.i.DiagnosticsManager] Process id: 7092@Lenovo-PC
2017-04-20 09:21:40.397+0000 INFO  [o.n.k.i.DiagnosticsManager] Byte order: LITTLE_ENDIAN
2017-04-20 09:21:40.397+0000 INFO  [o.n.k.i.DiagnosticsManager] Local timezone: Europe/London
2017-04-20 09:21:40.398+0000 INFO  [o.n.k.i.DiagnosticsManager] JVM information:
2017-04-20 09:21:40.398+0000 INFO  [o.n.k.i.DiagnosticsManager] VM Name: Java HotSpot(TM) 64-Bit Server VM
2017-04-20 09:21:40.398+0000 INFO  [o.n.k.i.DiagnosticsManager] VM Vendor: Oracle Corporation
2017-04-20 09:21:40.398+0000 INFO  [o.n.k.i.DiagnosticsManager] VM Version: 25.111-b14
2017-04-20 09:21:40.398+0000 INFO  [o.n.k.i.DiagnosticsManager] JIT compiler: HotSpot 64-Bit Tiered Compilers
2017-04-20 09:21:40.398+0000 INFO  [o.n.k.i.DiagnosticsManager] VM Arguments: [-Dexe4j.semaphoreName=Local\c:_program_files_neo4j_ce_3.1.1_bin_neo4j-ce.exe, -Dexe4j.isInstall4j=true, -Dexe4j.moduleName=C:\Program Files\Neo4j CE 3.1.1\bin\neo4j-ce.exe, -Dexe4j.tempDir=, -Dexe4j.unextractedPosition=0, -Djava.library.path=C:\ProgramData\Oracle\Java\javapath;C:\Program Files (x86)\Lenovo\FusionEngine;C:\Program Files (x86)\Intel\iCLS Client\;C:\Program Files\Intel\iCLS Client\;C:\windows\system32;C:\windows;C:\windows\System32\Wbem;C:\windows\System32\WindowsPowerShell\v1.0\;C:\Program Files\Intel\Intel(R) Management Engine Components\DAL;C:\Program Files\Intel\Intel(R) Management Engine Components\IPT;C:\Program Files (x86)\Intel\Intel(R) Management Engine Components\DAL;C:\Program Files (x86)\Intel\Intel(R) Management Engine Components\IPT;C:\Program Files\Intel\WiFi\bin\;C:\Program Files\Common Files\Intel\WirelessCommon\;C:\Program Files (x86)\Lenovo\Motion Control\;c:\Program Files (x86)\Microsoft SQL Server\100\Tools\Binn\;c:\Program Files\Microsoft SQL Server\100\Tools\Binn\;c:\Program Files\Microsoft SQL Server\100\DTS\Binn\;C:\Program Files (x86)\Windows Live\Shared;C:\Program Files\Microsoft SQL Server\110\Tools\Binn\;C:\Program Files\Microsoft SQL Server\120\Tools\Binn\;C:\Program Files (x86)\Windows Kits\8.1\Windows Performance Toolkit\;C:\Program Files\nodejs\;C:\Program Files (x86)\Brackets\command;C:\Program Files (x86)\Skype\Phone\;C:\WINDOWS\system32;C:\WINDOWS;C:\WINDOWS\System32\Wbem;C:\Program Files\Git\bin;C:\Program Files\Git\cmd;C:\Users\Vaida\Documents\apache-maven-3.3.9\bin;C:\Program Files (x86)\Windows Kits\10\Windows Performance Toolkit\;C:\Program Files\Microsoft SQL Server\130\Tools\Binn\;C:\Program Files\dotnet\;C:\Program Files (x86)\GtkSharp\2.12\bin;C:\Users\Vaida\Downloads\apache-maven-3.3.9\bin;C:\Program Files\MySQL\MySQL Utilities 1.6\;C:\WINDOWS\system32\config\systemprofile\.dnx\bin;C:\Program Files\Microsoft DNX\Dnvm\;C:\Users\Vaida\Anaconda3;C:\Users\Vaida\Anaconda3\Scripts;C:\Users\Vaida\Anaconda3\Library\bin;C:\Users\Vaida\AppData\Roaming\npm;C:\Users\Vaida\AppData\Local\Microsoft\WindowsApps;C:\Program Files\Heroku\bin;c:\program files\java\jre1.8.0_111\bin, -Dexe4j.consoleCodepage=cp0, -Dinstall4j.launcherId=24, -Dinstall4j.swt=false]
2017-04-20 09:21:40.398+0000 INFO  [o.n.k.i.DiagnosticsManager] Java classpath:
2017-04-20 09:21:40.406+0000 INFO  [o.n.k.i.DiagnosticsManager]  [loader.1] file:/C:/Program%20Files/Java/jre1.8.0_111/lib/ext/localedata.jar
2017-04-20 09:21:40.406+0000 INFO  [o.n.k.i.DiagnosticsManager]  [bootstrap] C:\Program Files\Java\jre1.8.0_111\lib\jce.jar
2017-04-20 09:21:40.406+0000 INFO  [o.n.k.i.DiagnosticsManager]  [loader.1] file:/C:/Program%20Files/Java/jre1.8.0_111/lib/ext/nashorn.jar
2017-04-20 09:21:40.406+0000 INFO  [o.n.k.i.DiagnosticsManager]  [bootstrap] C:\Program Files\Java\jre1.8.0_111\lib\resources.jar
2017-04-20 09:21:40.415+0000 INFO  [o.n.k.i.DiagnosticsManager]  [loader.1] file:/C:/Program%20Files/Java/jre1.8.0_111/lib/ext/sunec.jar
2017-04-20 09:21:40.415+0000 INFO  [o.n.k.i.DiagnosticsManager]  [bootstrap] C:\Program Files\Java\jre1.8.0_111\lib\jsse.jar
2017-04-20 09:21:40.415+0000 INFO  [o.n.k.i.DiagnosticsManager]  [bootstrap] C:\Program Files\Java\jre1.8.0_111\classes
2017-04-20 09:21:40.415+0000 INFO  [o.n.k.i.DiagnosticsManager]  [loader.1] file:/C:/Program%20Files/Java/jre1.8.0_111/lib/ext/sunpkcs11.jar
2017-04-20 09:21:40.415+0000 INFO  [o.n.k.i.DiagnosticsManager]  [bootstrap] C:\Program Files\Java\jre1.8.0_111\lib\sunrsasign.jar
2017-04-20 09:21:40.415+0000 INFO  [o.n.k.i.DiagnosticsManager]  [loader.1] file:/C:/Program%20Files/Java/jre1.8.0_111/lib/ext/sunjce_provider.jar
2017-04-20 09:21:40.415+0000 INFO  [o.n.k.i.DiagnosticsManager]  [loader.0] file:/C:/Program%20Files/Neo4j%20CE%203.1.1/.install4j/i4jruntime.jar
2017-04-20 09:21:40.415+0000 INFO  [o.n.k.i.DiagnosticsManager]  [bootstrap] C:\Program Files\Java\jre1.8.0_111\lib\charsets.jar
2017-04-20 09:21:40.415+0000 INFO  [o.n.k.i.DiagnosticsManager]  [loader.1] file:/C:/Program%20Files/Java/jre1.8.0_111/lib/ext/jaccess.jar
2017-04-20 09:21:40.415+0000 INFO  [o.n.k.i.DiagnosticsManager]  [loader.1] file:/C:/Program%20Files/Java/jre1.8.0_111/lib/ext/sunmscapi.jar
2017-04-20 09:21:40.415+0000 INFO  [o.n.k.i.DiagnosticsManager]  [bootstrap] C:\Program Files\Java\jre1.8.0_111\lib\jfr.jar
2017-04-20 09:21:40.415+0000 INFO  [o.n.k.i.DiagnosticsManager]  [loader.1] file:/C:/Program%20Files/Java/jre1.8.0_111/lib/ext/cldrdata.jar
2017-04-20 09:21:40.415+0000 INFO  [o.n.k.i.DiagnosticsManager]  [loader.0] file:/C:/Program%20Files/Neo4j%20CE%203.1.1/bin/neo4j-desktop-3.1.1.jar
2017-04-20 09:21:40.415+0000 INFO  [o.n.k.i.DiagnosticsManager]  [classpath] C:\Program Files\Neo4j CE 3.1.1\bin\neo4j-desktop-3.1.1.jar
2017-04-20 09:21:40.415+0000 INFO  [o.n.k.i.DiagnosticsManager]  [loader.1] file:/C:/Program%20Files/Java/jre1.8.0_111/lib/ext/access-bridge-64.jar
2017-04-20 09:21:40.416+0000 INFO  [o.n.k.i.DiagnosticsManager]  [loader.1] file:/C:/Program%20Files/Java/jre1.8.0_111/lib/ext/dnsns.jar
2017-04-20 09:21:40.416+0000 INFO  [o.n.k.i.DiagnosticsManager]  [bootstrap] C:\Program Files\Java\jre1.8.0_111\lib\rt.jar
2017-04-20 09:21:40.416+0000 INFO  [o.n.k.i.DiagnosticsManager]  [classpath] C:\Program Files\Neo4j CE 3.1.1\.install4j\i4jruntime.jar
2017-04-20 09:21:40.416+0000 INFO  [o.n.k.i.DiagnosticsManager]  [loader.1] file:/C:/Program%20Files/Java/jre1.8.0_111/lib/ext/jfxrt.jar
2017-04-20 09:21:40.416+0000 INFO  [o.n.k.i.DiagnosticsManager]  [loader.1] file:/C:/Program%20Files/Java/jre1.8.0_111/lib/ext/zipfs.jar
2017-04-20 09:21:40.416+0000 INFO  [o.n.k.i.DiagnosticsManager] Library path:
2017-04-20 09:21:40.417+0000 INFO  [o.n.k.i.DiagnosticsManager] C:\ProgramData\Oracle\Java\javapath
2017-04-20 09:21:40.418+0000 INFO  [o.n.k.i.DiagnosticsManager] C:\Program Files (x86)\Lenovo\FusionEngine
2017-04-20 09:21:40.419+0000 INFO  [o.n.k.i.DiagnosticsManager] C:\Program Files (x86)\Intel\iCLS Client
2017-04-20 09:21:40.419+0000 INFO  [o.n.k.i.DiagnosticsManager] C:\Program Files\Intel\iCLS Client
2017-04-20 09:21:40.420+0000 INFO  [o.n.k.i.DiagnosticsManager] C:\Windows\System32
2017-04-20 09:21:40.421+0000 INFO  [o.n.k.i.DiagnosticsManager] C:\Windows
2017-04-20 09:21:40.422+0000 INFO  [o.n.k.i.DiagnosticsManager] C:\Windows\System32\wbem
2017-04-20 09:21:40.422+0000 INFO  [o.n.k.i.DiagnosticsManager] C:\Windows\System32\WindowsPowerShell\v1.0
2017-04-20 09:21:40.424+0000 INFO  [o.n.k.i.DiagnosticsManager] C:\Program Files\Intel\Intel(R) Management Engine Components\DAL
2017-04-20 09:21:40.425+0000 INFO  [o.n.k.i.DiagnosticsManager] C:\Program Files\Intel\Intel(R) Management Engine Components\IPT
2017-04-20 09:21:40.426+0000 INFO  [o.n.k.i.DiagnosticsManager] C:\Program Files (x86)\Intel\Intel(R) Management Engine Components\DAL
2017-04-20 09:21:40.427+0000 INFO  [o.n.k.i.DiagnosticsManager] C:\Program Files (x86)\Intel\Intel(R) Management Engine Components\IPT
2017-04-20 09:21:40.427+0000 INFO  [o.n.k.i.DiagnosticsManager] C:\Program Files\Intel\WiFi\bin
2017-04-20 09:21:40.428+0000 INFO  [o.n.k.i.DiagnosticsManager] C:\Program Files\Common Files\Intel\WirelessCommon
2017-04-20 09:21:40.429+0000 INFO  [o.n.k.i.DiagnosticsManager] C:\Program Files (x86)\Lenovo\Motion Control
2017-04-20 09:21:40.430+0000 INFO  [o.n.k.i.DiagnosticsManager] C:\Program Files (x86)\Microsoft SQL Server\100\Tools\Binn
2017-04-20 09:21:40.431+0000 INFO  [o.n.k.i.DiagnosticsManager] C:\Program Files\Microsoft SQL Server\100\Tools\Binn
2017-04-20 09:21:40.432+0000 INFO  [o.n.k.i.DiagnosticsManager] C:\Program Files\Microsoft SQL Server\100\DTS\Binn
2017-04-20 09:21:40.433+0000 INFO  [o.n.k.i.DiagnosticsManager] C:\Program Files (x86)\Windows Live\Shared
2017-04-20 09:21:40.434+0000 INFO  [o.n.k.i.DiagnosticsManager] C:\Program Files\Microsoft SQL Server\110\Tools\Binn
2017-04-20 09:21:40.435+0000 INFO  [o.n.k.i.DiagnosticsManager] C:\Program Files\Microsoft SQL Server\120\Tools\Binn
2017-04-20 09:21:40.436+0000 INFO  [o.n.k.i.DiagnosticsManager] C:\Program Files (x86)\Windows Kits\8.1\Windows Performance Toolkit
2017-04-20 09:21:40.437+0000 INFO  [o.n.k.i.DiagnosticsManager] C:\Program Files\nodejs
2017-04-20 09:21:40.437+0000 INFO  [o.n.k.i.DiagnosticsManager] C:\Program Files (x86)\Brackets\command
2017-04-20 09:21:40.438+0000 INFO  [o.n.k.i.DiagnosticsManager] C:\Program Files (x86)\Skype\Phone
2017-04-20 09:21:40.439+0000 INFO  [o.n.k.i.DiagnosticsManager] C:\Windows\System32
2017-04-20 09:21:40.439+0000 INFO  [o.n.k.i.DiagnosticsManager] C:\Windows
2017-04-20 09:21:40.440+0000 INFO  [o.n.k.i.DiagnosticsManager] C:\Windows\System32\wbem
2017-04-20 09:21:40.441+0000 INFO  [o.n.k.i.DiagnosticsManager] C:\Program Files\Git\bin
2017-04-20 09:21:40.442+0000 INFO  [o.n.k.i.DiagnosticsManager] C:\Program Files\Git\cmd
2017-04-20 09:21:40.442+0000 INFO  [o.n.k.i.DiagnosticsManager] C:\Users\Vaida\Documents\apache-maven-3.3.9\bin
2017-04-20 09:21:40.443+0000 INFO  [o.n.k.i.DiagnosticsManager] C:\Program Files (x86)\Windows Kits\10\Windows Performance Toolkit
2017-04-20 09:21:40.444+0000 INFO  [o.n.k.i.DiagnosticsManager] C:\Program Files\Microsoft SQL Server\130\Tools\Binn
2017-04-20 09:21:40.445+0000 INFO  [o.n.k.i.DiagnosticsManager] C:\Program Files\dotnet
2017-04-20 09:21:40.446+0000 INFO  [o.n.k.i.DiagnosticsManager] C:\Program Files (x86)\GtkSharp\2.12\bin
2017-04-20 09:21:40.447+0000 INFO  [o.n.k.i.DiagnosticsManager] C:\Users\Vaida\Downloads\apache-maven-3.3.9\bin
2017-04-20 09:21:40.448+0000 INFO  [o.n.k.i.DiagnosticsManager] C:\Program Files\MySQL\MySQL Utilities 1.6
2017-04-20 09:21:40.448+0000 INFO  [o.n.k.i.DiagnosticsManager] C:\Windows\System32\config\systemprofile\.dnx\bin
2017-04-20 09:21:40.449+0000 INFO  [o.n.k.i.DiagnosticsManager] C:\Program Files\Microsoft DNX\Dnvm
2017-04-20 09:21:40.450+0000 INFO  [o.n.k.i.DiagnosticsManager] C:\Users\Vaida\Anaconda3
2017-04-20 09:21:40.451+0000 INFO  [o.n.k.i.DiagnosticsManager] C:\Users\Vaida\Anaconda3\Scripts
2017-04-20 09:21:40.452+0000 INFO  [o.n.k.i.DiagnosticsManager] C:\Users\Vaida\Anaconda3\Library\bin
2017-04-20 09:21:40.453+0000 INFO  [o.n.k.i.DiagnosticsManager] C:\Users\Vaida\AppData\Roaming\npm
2017-04-20 09:21:40.454+0000 INFO  [o.n.k.i.DiagnosticsManager] C:\Users\Vaida\AppData\Local\Microsoft\WindowsApps
2017-04-20 09:21:40.455+0000 INFO  [o.n.k.i.DiagnosticsManager] C:\Program Files\Heroku\bin
2017-04-20 09:21:40.456+0000 INFO  [o.n.k.i.DiagnosticsManager] C:\Program Files\Java\jre1.8.0_111\bin
2017-04-20 09:21:40.456+0000 INFO  [o.n.k.i.DiagnosticsManager] System.properties:
2017-04-20 09:21:40.456+0000 INFO  [o.n.k.i.DiagnosticsManager] exe4j.moduleName = C:\Program Files\Neo4j CE 3.1.1\bin\neo4j-ce.exe
2017-04-20 09:21:40.456+0000 INFO  [o.n.k.i.DiagnosticsManager] exe4j.semaphoreName = Local\c:_program_files_neo4j_ce_3.1.1_bin_neo4j-ce.exe
2017-04-20 09:21:40.456+0000 INFO  [o.n.k.i.DiagnosticsManager] sun.boot.library.path = c:\program files\java\jre1.8.0_111\bin
2017-04-20 09:21:40.457+0000 INFO  [o.n.k.i.DiagnosticsManager] exe4j.consoleCodepage = cp0
2017-04-20 09:21:40.457+0000 INFO  [o.n.k.i.DiagnosticsManager] path.separator = ;
2017-04-20 09:21:40.457+0000 INFO  [o.n.k.i.DiagnosticsManager] file.encoding.pkg = sun.io
2017-04-20 09:21:40.457+0000 INFO  [o.n.k.i.DiagnosticsManager] user.country = IE
2017-04-20 09:21:40.457+0000 INFO  [o.n.k.i.DiagnosticsManager] user.script = 
2017-04-20 09:21:40.457+0000 INFO  [o.n.k.i.DiagnosticsManager] sun.os.patch.level = 
2017-04-20 09:21:40.457+0000 INFO  [o.n.k.i.DiagnosticsManager] install4j.exeDir = C:\Program Files\Neo4j CE 3.1.1\bin\
2017-04-20 09:21:40.457+0000 INFO  [o.n.k.i.DiagnosticsManager] user.dir = C:\Program Files\Neo4j CE 3.1.1\bin
2017-04-20 09:21:40.457+0000 INFO  [o.n.k.i.DiagnosticsManager] user.variant = 
2017-04-20 09:21:40.457+0000 INFO  [o.n.k.i.DiagnosticsManager] exe4j.tempDir = 
2017-04-20 09:21:40.457+0000 INFO  [o.n.k.i.DiagnosticsManager] sun.jnu.encoding = Cp1252
2017-04-20 09:21:40.457+0000 INFO  [o.n.k.i.DiagnosticsManager] sun.nio.ch.bugLevel = 
2017-04-20 09:21:40.457+0000 INFO  [o.n.k.i.DiagnosticsManager] unsupported.dbms.udc.source = desktop
2017-04-20 09:21:40.457+0000 INFO  [o.n.k.i.DiagnosticsManager] sun.awt.enableExtraMouseButtons = true
2017-04-20 09:21:40.457+0000 INFO  [o.n.k.i.DiagnosticsManager] install4j.launcherId = 24
2017-04-20 09:21:40.457+0000 INFO  [o.n.k.i.DiagnosticsManager] sun.management.compiler = HotSpot 64-Bit Tiered Compilers
2017-04-20 09:21:40.457+0000 INFO  [o.n.k.i.DiagnosticsManager] exe4j.isInstall4j = true
2017-04-20 09:21:40.457+0000 INFO  [o.n.k.i.DiagnosticsManager] install4j.swt = false
2017-04-20 09:21:40.457+0000 INFO  [o.n.k.i.DiagnosticsManager] user.home = C:\Users\Vaida
2017-04-20 09:21:40.457+0000 INFO  [o.n.k.i.DiagnosticsManager] user.timezone = Europe/London
2017-04-20 09:21:40.457+0000 INFO  [o.n.k.i.DiagnosticsManager] file.encoding = Cp1252
2017-04-20 09:21:40.457+0000 INFO  [o.n.k.i.DiagnosticsManager] user.name = Vaida
2017-04-20 09:21:40.457+0000 INFO  [o.n.k.i.DiagnosticsManager] sun.java.command = C:\Program Files\Neo4j CE 3.1.1\bin\neo4j-ce.exe
2017-04-20 09:21:40.457+0000 INFO  [o.n.k.i.DiagnosticsManager] sun.arch.data.model = 64
2017-04-20 09:21:40.457+0000 INFO  [o.n.k.i.DiagnosticsManager] exe4j.launchName = C:\Program Files\Neo4j CE 3.1.1\bin\neo4j-ce.exe
2017-04-20 09:21:40.457+0000 INFO  [o.n.k.i.DiagnosticsManager] user.language = en
2017-04-20 09:21:40.457+0000 INFO  [o.n.k.i.DiagnosticsManager] awt.toolkit = sun.awt.windows.WToolkit
2017-04-20 09:21:40.457+0000 INFO  [o.n.k.i.DiagnosticsManager] exe4j.unextractedPosition = 0
2017-04-20 09:21:40.457+0000 INFO  [o.n.k.i.DiagnosticsManager] install4j.appDir = C:\Program Files\Neo4j CE 3.1.1\
2017-04-20 09:21:40.457+0000 INFO  [o.n.k.i.DiagnosticsManager] file.separator = \
2017-04-20 09:21:40.457+0000 INFO  [o.n.k.i.DiagnosticsManager] sun.io.unicode.encoding = UnicodeLittle
2017-04-20 09:21:40.457+0000 INFO  [o.n.k.i.DiagnosticsManager] sun.cpu.endian = little
2017-04-20 09:21:40.457+0000 INFO  [o.n.k.i.DiagnosticsManager] sun.desktop = windows
2017-04-20 09:21:40.457+0000 INFO  [o.n.k.i.DiagnosticsManager] sun.cpu.isalist = amd64
2017-04-20 09:21:40.457+0000 INFO  [o.n.k.i.DiagnosticsManager] Network information:
2017-04-20 09:21:40.622+0000 INFO  [o.n.k.i.DiagnosticsManager] Interface Software Loopback Interface 1:
2017-04-20 09:21:40.622+0000 INFO  [o.n.k.i.DiagnosticsManager]     address: 127.0.0.1
2017-04-20 09:21:40.622+0000 INFO  [o.n.k.i.DiagnosticsManager]     address: 0:0:0:0:0:0:0:1
2017-04-20 09:21:40.622+0000 INFO  [o.n.k.i.DiagnosticsManager] Interface WAN Miniport (PPTP):
2017-04-20 09:21:40.622+0000 INFO  [o.n.k.i.DiagnosticsManager] Interface ASIX AX88772B USB2.0 to Fast Ethernet Adapter:
2017-04-20 09:21:40.622+0000 INFO  [o.n.k.i.DiagnosticsManager] Interface WAN Miniport (IPv6):
2017-04-20 09:21:40.622+0000 INFO  [o.n.k.i.DiagnosticsManager] Interface WAN Miniport (IKEv2):
2017-04-20 09:21:40.622+0000 INFO  [o.n.k.i.DiagnosticsManager] Interface RAS Async Adapter:
2017-04-20 09:21:40.622+0000 INFO  [o.n.k.i.DiagnosticsManager] Interface WAN Miniport (SSTP):
2017-04-20 09:21:40.622+0000 INFO  [o.n.k.i.DiagnosticsManager] Interface WAN Miniport (PPPOE):
2017-04-20 09:21:40.622+0000 INFO  [o.n.k.i.DiagnosticsManager] Interface Microsoft Kernel Debug Network Adapter:
2017-04-20 09:21:40.622+0000 INFO  [o.n.k.i.DiagnosticsManager] Interface WAN Miniport (IP):
2017-04-20 09:21:40.622+0000 INFO  [o.n.k.i.DiagnosticsManager] Interface Bluetooth Device (RFCOMM Protocol TDI):
2017-04-20 09:21:40.622+0000 INFO  [o.n.k.i.DiagnosticsManager] Interface WAN Miniport (L2TP):
2017-04-20 09:21:40.622+0000 INFO  [o.n.k.i.DiagnosticsManager] Interface VMware Virtual Ethernet Adapter for VMnet8:
2017-04-20 09:21:40.622+0000 INFO  [o.n.k.i.DiagnosticsManager]     address: 192.168.18.1
2017-04-20 09:21:40.622+0000 INFO  [o.n.k.i.DiagnosticsManager]     address: fe80:0:0:0:44b:b47f:b9d4:bac1%eth4
2017-04-20 09:21:40.622+0000 INFO  [o.n.k.i.DiagnosticsManager] Interface WAN Miniport (Network Monitor):
2017-04-20 09:21:40.622+0000 INFO  [o.n.k.i.DiagnosticsManager] Interface Bluetooth Device (Personal Area Network):
2017-04-20 09:21:40.623+0000 INFO  [o.n.k.i.DiagnosticsManager]     address: fe80:0:0:0:e5f8:e226:7d92:5bd9%eth6
2017-04-20 09:21:40.623+0000 INFO  [o.n.k.i.DiagnosticsManager] Interface VMware Virtual Ethernet Adapter for VMnet1:
2017-04-20 09:21:40.623+0000 INFO  [o.n.k.i.DiagnosticsManager]     address: 192.168.11.1
2017-04-20 09:21:40.623+0000 INFO  [o.n.k.i.DiagnosticsManager]     address: fe80:0:0:0:3c14:1fa6:9144:9053%eth7
2017-04-20 09:21:40.623+0000 INFO  [o.n.k.i.DiagnosticsManager] Interface Intel(R) Dual Band Wireless-AC 7260:
2017-04-20 09:21:40.623+0000 INFO  [o.n.k.i.DiagnosticsManager]     address: 192.168.0.23
2017-04-20 09:21:40.623+0000 INFO  [o.n.k.i.DiagnosticsManager]     address: 2a02:8084:a400:b00:c817:cb25:cfbc:710d
2017-04-20 09:21:40.623+0000 INFO  [o.n.k.i.DiagnosticsManager]     address: 2a02:8084:a400:b00:ea2a:eaff:fe7a:86b8
2017-04-20 09:21:40.623+0000 INFO  [o.n.k.i.DiagnosticsManager]     address: 2a02:8084:a400:b00:c4ae:ad7e:b992:9fd0
2017-04-20 09:21:40.623+0000 INFO  [o.n.k.i.DiagnosticsManager]     address: fe80:0:0:0:c817:cb25:cfbc:710d%wlan0
2017-04-20 09:21:40.623+0000 INFO  [o.n.k.i.DiagnosticsManager] Interface Microsoft Hosted Network Virtual Adapter:
2017-04-20 09:21:40.623+0000 INFO  [o.n.k.i.DiagnosticsManager]     address: fe80:0:0:0:ee:f016:38fa:2b19%wlan1
2017-04-20 09:21:40.623+0000 INFO  [o.n.k.i.DiagnosticsManager] Interface Microsoft Wi-Fi Direct Virtual Adapter:
2017-04-20 09:21:40.623+0000 INFO  [o.n.k.i.DiagnosticsManager]     address: fe80:0:0:0:7418:f72a:344c:ab42%wlan2
2017-04-20 09:21:40.623+0000 INFO  [o.n.k.i.DiagnosticsManager] Interface Intel(R) Dual Band Wireless-AC 7260-WFP Native MAC Layer LightWeight Filter-0000:
2017-04-20 09:21:40.623+0000 INFO  [o.n.k.i.DiagnosticsManager] Interface Intel(R) Dual Band Wireless-AC 7260-Virtual WiFi Filter Driver-0000:
2017-04-20 09:21:40.623+0000 INFO  [o.n.k.i.DiagnosticsManager] Interface Intel(R) Dual Band Wireless-AC 7260-Native WiFi Filter Driver-0000:
2017-04-20 09:21:40.623+0000 INFO  [o.n.k.i.DiagnosticsManager] Interface Intel(R) Dual Band Wireless-AC 7260-QoS Packet Scheduler-0000:
2017-04-20 09:21:40.623+0000 INFO  [o.n.k.i.DiagnosticsManager] Interface Intel(R) Dual Band Wireless-AC 7260-WFP 802.3 MAC Layer LightWeight Filter-0000:
2017-04-20 09:21:40.623+0000 INFO  [o.n.k.i.DiagnosticsManager] Interface Microsoft Hosted Network Virtual Adapter-WFP Native MAC Layer LightWeight Filter-0000:
2017-04-20 09:21:40.623+0000 INFO  [o.n.k.i.DiagnosticsManager] Interface Microsoft Hosted Network Virtual Adapter-Native WiFi Filter Driver-0000:
2017-04-20 09:21:40.623+0000 INFO  [o.n.k.i.DiagnosticsManager] Interface Microsoft Hosted Network Virtual Adapter-QoS Packet Scheduler-0000:
2017-04-20 09:21:40.623+0000 INFO  [o.n.k.i.DiagnosticsManager] Interface Microsoft Hosted Network Virtual Adapter-WFP 802.3 MAC Layer LightWeight Filter-0000:
2017-04-20 09:21:40.623+0000 INFO  [o.n.k.i.DiagnosticsManager] Interface Microsoft Wi-Fi Direct Virtual Adapter-WFP Native MAC Layer LightWeight Filter-0000:
2017-04-20 09:21:40.623+0000 INFO  [o.n.k.i.DiagnosticsManager] Interface Microsoft Wi-Fi Direct Virtual Adapter-Native WiFi Filter Driver-0000:
2017-04-20 09:21:40.623+0000 INFO  [o.n.k.i.DiagnosticsManager] Interface Microsoft Wi-Fi Direct Virtual Adapter-QoS Packet Scheduler-0000:
2017-04-20 09:21:40.623+0000 INFO  [o.n.k.i.DiagnosticsManager] Interface Microsoft Wi-Fi Direct Virtual Adapter-WFP 802.3 MAC Layer LightWeight Filter-0000:
2017-04-20 09:21:40.623+0000 INFO  [o.n.k.i.DiagnosticsManager] --- INITIALIZED diagnostics END ---
2017-04-20 09:21:40.644+0000 INFO  [o.n.b.v.r.WorkerFactory] Bolt Server extension loaded.
2017-04-20 09:21:40.645+0000 INFO  [o.n.b.v.r.WorkerFactory] Bolt enabled on localhost:7687.
2017-04-20 09:21:40.670+0000 INFO  [o.n.k.i.s.f.RecordFormatSelector] Selected format 'RecordFormat:StandardV3_0[v0.A.7]' for the new store
2017-04-20 09:21:43.245+0000 INFO  [o.n.k.a.i.l.LuceneLabelScanStore] No lucene scan store index found, this might just be first use. Preparing to rebuild.
2017-04-20 09:21:43.422+0000 INFO  [o.n.k.NeoStoreDataSource] Opened logical log [C:\Users\Vaida\Desktop\Monday\neostore.transaction.db.0] version=0, lastTxId=1 (clean)
2017-04-20 09:21:43.444+0000 WARN  [o.n.k.i.s.MetaDataStore] Missing counts store, rebuilding it.
2017-04-20 09:21:44.068+0000 INFO  [o.n.k.a.i.l.LuceneLabelScanStore] Rebuilding lucene scan store, this may take a while
2017-04-20 09:21:44.291+0000 INFO  [o.n.k.a.i.l.LuceneLabelScanStore] Lucene scan store rebuilt (roughly 0 nodes)
2017-04-20 09:21:44.292+0000 INFO  [o.n.k.i.DatabaseHealth] Database health set to OK
2017-04-20 09:21:44.417+0000 INFO  [o.n.k.AvailabilityGuard] Fulfilling of requirement makes database available: Database available
2017-04-20 09:21:44.417+0000 INFO  [o.n.k.i.f.GraphDatabaseFacadeFactory] Database is now ready
2017-04-20 09:21:44.418+0000 INFO  [o.n.k.i.DiagnosticsManager] --- STARTED diagnostics for KernelDiagnostics:Versions START ---
2017-04-20 09:21:44.418+0000 INFO  [o.n.k.i.DiagnosticsManager] Graph Database: community single StoreId{creationTime=1492680103092, randomId=-6269740651774821008, storeVersion=15531981201765894, upgradeTime=1492680103092, upgradeId=1}
2017-04-20 09:21:44.418+0000 INFO  [o.n.k.i.DiagnosticsManager] Kernel version: 3.1.1
2017-04-20 09:21:44.419+0000 INFO  [o.n.k.i.DiagnosticsManager] --- STARTED diagnostics for KernelDiagnostics:Versions END ---
2017-04-20 09:21:44.419+0000 INFO  [o.n.k.i.DiagnosticsManager] --- STARTED diagnostics for NEO_STORE_VERSIONS START ---
2017-04-20 09:21:44.419+0000 INFO  [o.n.k.i.DiagnosticsManager] Store versions:
2017-04-20 09:21:44.420+0000 INFO  [o.n.k.i.DiagnosticsManager] Store versions:
2017-04-20 09:21:44.420+0000 INFO  [o.n.k.i.DiagnosticsManager]   ArrayPropertyStore v0.A.7
2017-04-20 09:21:44.420+0000 INFO  [o.n.k.i.DiagnosticsManager]   NodeStore v0.A.7
2017-04-20 09:21:44.421+0000 INFO  [o.n.k.i.DiagnosticsManager]   StringPropertyStore v0.A.7
2017-04-20 09:21:44.421+0000 INFO  [o.n.k.i.DiagnosticsManager]   PropertyIndexStore v0.A.7
2017-04-20 09:21:44.421+0000 INFO  [o.n.k.i.DiagnosticsManager]   StringPropertyStore v0.A.7
2017-04-20 09:21:44.422+0000 INFO  [o.n.k.i.DiagnosticsManager]   ArrayPropertyStore v0.A.7
2017-04-20 09:21:44.422+0000 INFO  [o.n.k.i.DiagnosticsManager]   PropertyStore v0.A.7
2017-04-20 09:21:44.422+0000 INFO  [o.n.k.i.DiagnosticsManager]   RelationshipStore v0.A.7
2017-04-20 09:21:44.423+0000 INFO  [o.n.k.i.DiagnosticsManager]   StringPropertyStore v0.A.7
2017-04-20 09:21:44.423+0000 INFO  [o.n.k.i.DiagnosticsManager]   RelationshipTypeStore v0.A.7
2017-04-20 09:21:44.423+0000 INFO  [o.n.k.i.DiagnosticsManager]   StringPropertyStore v0.A.7
2017-04-20 09:21:44.424+0000 INFO  [o.n.k.i.DiagnosticsManager]   LabelTokenStore v0.A.7
2017-04-20 09:21:44.424+0000 INFO  [o.n.k.i.DiagnosticsManager]   SchemaStore v0.A.7
2017-04-20 09:21:44.424+0000 INFO  [o.n.k.i.DiagnosticsManager]   RelationshipGroupStore v0.A.7
2017-04-20 09:21:44.425+0000 INFO  [o.n.k.i.DiagnosticsManager]   NeoStore v0.A.7
2017-04-20 09:21:44.425+0000 INFO  [o.n.k.i.DiagnosticsManager] --- STARTED diagnostics for NEO_STORE_VERSIONS END ---
2017-04-20 09:21:44.425+0000 INFO  [o.n.k.i.DiagnosticsManager] --- STARTED diagnostics for NEO_STORE_ID_USAGE START ---
2017-04-20 09:21:44.426+0000 INFO  [o.n.k.i.DiagnosticsManager] Id usage:
2017-04-20 09:21:44.426+0000 INFO  [o.n.k.i.DiagnosticsManager] Id usage:
2017-04-20 09:21:44.426+0000 INFO  [o.n.k.i.DiagnosticsManager]   ArrayPropertyStore: used=1 high=0
2017-04-20 09:21:44.427+0000 INFO  [o.n.k.i.DiagnosticsManager]   NodeStore: used=0 high=-1
2017-04-20 09:21:44.427+0000 INFO  [o.n.k.i.DiagnosticsManager]   StringPropertyStore: used=1 high=0
2017-04-20 09:21:44.427+0000 INFO  [o.n.k.i.DiagnosticsManager]   PropertyIndexStore: used=0 high=-1
2017-04-20 09:21:44.428+0000 INFO  [o.n.k.i.DiagnosticsManager]   StringPropertyStore: used=1 high=0
2017-04-20 09:21:44.428+0000 INFO  [o.n.k.i.DiagnosticsManager]   ArrayPropertyStore: used=1 high=0
2017-04-20 09:21:44.428+0000 INFO  [o.n.k.i.DiagnosticsManager]   PropertyStore: used=0 high=-1
2017-04-20 09:21:44.429+0000 INFO  [o.n.k.i.DiagnosticsManager]   RelationshipStore: used=0 high=-1
2017-04-20 09:21:44.429+0000 INFO  [o.n.k.i.DiagnosticsManager]   StringPropertyStore: used=1 high=0
2017-04-20 09:21:44.430+0000 INFO  [o.n.k.i.DiagnosticsManager]   RelationshipTypeStore: used=0 high=-1
2017-04-20 09:21:44.430+0000 INFO  [o.n.k.i.DiagnosticsManager]   StringPropertyStore: used=1 high=0
2017-04-20 09:21:44.430+0000 INFO  [o.n.k.i.DiagnosticsManager]   LabelTokenStore: used=0 high=-1
2017-04-20 09:21:44.431+0000 INFO  [o.n.k.i.DiagnosticsManager]   SchemaStore: used=1 high=0
2017-04-20 09:21:44.431+0000 INFO  [o.n.k.i.DiagnosticsManager]   RelationshipGroupStore: used=1 high=0
2017-04-20 09:21:44.431+0000 INFO  [o.n.k.i.DiagnosticsManager]   NeoStore: used=15 high=14
2017-04-20 09:21:44.432+0000 INFO  [o.n.k.i.DiagnosticsManager] --- STARTED diagnostics for NEO_STORE_ID_USAGE END ---
2017-04-20 09:21:44.432+0000 INFO  [o.n.k.i.DiagnosticsManager] --- STARTED diagnostics for NEO_STORE_RECORDS START ---
2017-04-20 09:21:44.432+0000 INFO  [o.n.k.i.DiagnosticsManager] Neostore records:
2017-04-20 09:21:44.433+0000 INFO  [o.n.k.i.DiagnosticsManager] TIME (Creation time): 1492680103092
2017-04-20 09:21:44.433+0000 INFO  [o.n.k.i.DiagnosticsManager] RANDOM_NUMBER (Random number for store id): -6269740651774821008
2017-04-20 09:21:44.434+0000 INFO  [o.n.k.i.DiagnosticsManager] LOG_VERSION (Current log version): 0
2017-04-20 09:21:44.434+0000 INFO  [o.n.k.i.DiagnosticsManager] LAST_TRANSACTION_ID (Last committed transaction): 1
2017-04-20 09:21:44.434+0000 INFO  [o.n.k.i.DiagnosticsManager] STORE_VERSION (Store format version): 15531981201765894
2017-04-20 09:21:44.435+0000 INFO  [o.n.k.i.DiagnosticsManager] FIRST_GRAPH_PROPERTY (First property record containing graph properties): -1
2017-04-20 09:21:44.435+0000 INFO  [o.n.k.i.DiagnosticsManager] LAST_CONSTRAINT_TRANSACTION (Last committed transaction containing constraint changes): 0
2017-04-20 09:21:44.435+0000 INFO  [o.n.k.i.DiagnosticsManager] UPGRADE_TRANSACTION_ID (Transaction id most recent upgrade was performed at): 1
2017-04-20 09:21:44.436+0000 INFO  [o.n.k.i.DiagnosticsManager] UPGRADE_TIME (Time of last upgrade): 1492680103092
2017-04-20 09:21:44.436+0000 INFO  [o.n.k.i.DiagnosticsManager] LAST_TRANSACTION_CHECKSUM (Checksum of last committed transaction): 0
2017-04-20 09:21:44.437+0000 INFO  [o.n.k.i.DiagnosticsManager] UPGRADE_TRANSACTION_CHECKSUM (Checksum of transaction id the most recent upgrade was performed at): 0
2017-04-20 09:21:44.437+0000 INFO  [o.n.k.i.DiagnosticsManager] LAST_CLOSED_TRANSACTION_LOG_VERSION (Log version where the last transaction commit entry has been written into): 0
2017-04-20 09:21:44.437+0000 INFO  [o.n.k.i.DiagnosticsManager] LAST_CLOSED_TRANSACTION_LOG_BYTE_OFFSET (Byte offset in the log file where the last transaction commit entry has been written into): 16
2017-04-20 09:21:44.437+0000 INFO  [o.n.k.i.DiagnosticsManager] LAST_TRANSACTION_COMMIT_TIMESTAMP (Commit time timestamp for last committed transaction): 0
2017-04-20 09:21:44.438+0000 INFO  [o.n.k.i.DiagnosticsManager] UPGRADE_TRANSACTION_COMMIT_TIMESTAMP (Commit timestamp of transaction the most recent upgrade was performed at): 0
2017-04-20 09:21:44.438+0000 INFO  [o.n.k.i.DiagnosticsManager] --- STARTED diagnostics for NEO_STORE_RECORDS END ---
2017-04-20 09:21:44.438+0000 INFO  [o.n.k.i.DiagnosticsManager] --- STARTED diagnostics for TRANSACTION_RANGE START ---
2017-04-20 09:21:44.439+0000 INFO  [o.n.k.i.DiagnosticsManager] Transaction log:
2017-04-20 09:21:44.441+0000 INFO  [o.n.k.i.DiagnosticsManager] No transactions found in any log
2017-04-20 09:21:44.441+0000 INFO  [o.n.k.i.DiagnosticsManager] --- STARTED diagnostics for TRANSACTION_RANGE END ---
2017-04-20 09:21:44.442+0000 INFO  [o.n.k.i.DiagnosticsManager] --- STARTED diagnostics for KernelDiagnostics:StoreFiles START ---
2017-04-20 09:21:44.447+0000 INFO  [o.n.k.i.DiagnosticsManager] Disk space on partition (Total / Free / Free %): 454731755520 / 218566742016 / 48
Storage files: (filename : modification date - size)
2017-04-20 09:21:44.449+0000 INFO  [o.n.k.i.DiagnosticsManager]   certificates:
2017-04-20 09:21:44.450+0000 INFO  [o.n.k.i.DiagnosticsManager]     neo4j.cert: 2017-04-20T10:21:40+0100 - 1002.00 B
2017-04-20 09:21:44.451+0000 INFO  [o.n.k.i.DiagnosticsManager]     neo4j.key: 2017-04-20T10:21:40+0100 - 1.69 kB
2017-04-20 09:21:44.452+0000 INFO  [o.n.k.i.DiagnosticsManager]   - Total: 2017-04-20T10:21:40+0100 - 2.67 kB
2017-04-20 09:21:44.452+0000 INFO  [o.n.k.i.DiagnosticsManager]   data:
2017-04-20 09:21:44.453+0000 INFO  [o.n.k.i.DiagnosticsManager]     dbms:
2017-04-20 09:21:44.454+0000 INFO  [o.n.k.i.DiagnosticsManager]       auth: 2017-04-20T10:21:44+0100 - 137.00 B
2017-04-20 09:21:44.455+0000 INFO  [o.n.k.i.DiagnosticsManager]     - Total: 2017-04-20T10:21:44+0100 - 137.00 B
2017-04-20 09:21:44.455+0000 INFO  [o.n.k.i.DiagnosticsManager]   - Total: 2017-04-20T10:21:44+0100 - 137.00 B
2017-04-20 09:21:44.456+0000 INFO  [o.n.k.i.DiagnosticsManager]   index:
2017-04-20 09:21:44.457+0000 INFO  [o.n.k.i.DiagnosticsManager]   - Total: 2017-04-20T10:21:43+0100 - 0.00 B
2017-04-20 09:21:44.457+0000 INFO  [o.n.k.i.DiagnosticsManager]   logs:
2017-04-20 09:21:44.458+0000 INFO  [o.n.k.i.DiagnosticsManager]     debug.log: 2017-04-20T10:21:41+0100 - 35.05 kB
2017-04-20 09:21:44.458+0000 INFO  [o.n.k.i.DiagnosticsManager]   - Total: 2017-04-20T10:21:40+0100 - 35.05 kB
2017-04-20 09:21:44.459+0000 INFO  [o.n.k.i.DiagnosticsManager]   neostore: 2017-04-20T10:21:43+0100 - 8.00 kB
2017-04-20 09:21:44.460+0000 INFO  [o.n.k.i.DiagnosticsManager]   neostore.counts.db.a: 2017-04-20T10:21:44+0100 - 96.00 B
2017-04-20 09:21:44.460+0000 INFO  [o.n.k.i.DiagnosticsManager]   neostore.id: 2017-04-20T10:21:43+0100 - 9.00 B
2017-04-20 09:21:44.461+0000 INFO  [o.n.k.i.DiagnosticsManager]   neostore.labeltokenstore.db: 2017-04-20T10:21:42+0100 - 0.00 B
2017-04-20 09:21:44.462+0000 INFO  [o.n.k.i.DiagnosticsManager]   neostore.labeltokenstore.db.id: 2017-04-20T10:21:42+0100 - 9.00 B
2017-04-20 09:21:44.463+0000 INFO  [o.n.k.i.DiagnosticsManager]   neostore.labeltokenstore.db.names: 2017-04-20T10:21:42+0100 - 8.00 kB
2017-04-20 09:21:44.463+0000 INFO  [o.n.k.i.DiagnosticsManager]   neostore.labeltokenstore.db.names.id: 2017-04-20T10:21:42+0100 - 9.00 B
2017-04-20 09:21:44.464+0000 INFO  [o.n.k.i.DiagnosticsManager]   neostore.nodestore.db: 2017-04-20T10:21:40+0100 - 0.00 B
2017-04-20 09:21:44.465+0000 INFO  [o.n.k.i.DiagnosticsManager]   neostore.nodestore.db.id: 2017-04-20T10:21:40+0100 - 9.00 B
2017-04-20 09:21:44.466+0000 INFO  [o.n.k.i.DiagnosticsManager]   neostore.nodestore.db.labels: 2017-04-20T10:21:40+0100 - 8.00 kB
2017-04-20 09:21:44.466+0000 INFO  [o.n.k.i.DiagnosticsManager]   neostore.nodestore.db.labels.id: 2017-04-20T10:21:40+0100 - 9.00 B
2017-04-20 09:21:44.467+0000 INFO  [o.n.k.i.DiagnosticsManager]   neostore.propertystore.db: 2017-04-20T10:21:41+0100 - 0.00 B
2017-04-20 09:21:44.468+0000 INFO  [o.n.k.i.DiagnosticsManager]   neostore.propertystore.db.arrays: 2017-04-20T10:21:41+0100 - 8.00 kB
2017-04-20 09:21:44.468+0000 INFO  [o.n.k.i.DiagnosticsManager]   neostore.propertystore.db.arrays.id: 2017-04-20T10:21:41+0100 - 9.00 B
2017-04-20 09:21:44.469+0000 INFO  [o.n.k.i.DiagnosticsManager]   neostore.propertystore.db.id: 2017-04-20T10:21:41+0100 - 9.00 B
2017-04-20 09:21:44.470+0000 INFO  [o.n.k.i.DiagnosticsManager]   neostore.propertystore.db.index: 2017-04-20T10:21:41+0100 - 0.00 B
2017-04-20 09:21:44.471+0000 INFO  [o.n.k.i.DiagnosticsManager]   neostore.propertystore.db.index.id: 2017-04-20T10:21:41+0100 - 9.00 B
2017-04-20 09:21:44.471+0000 INFO  [o.n.k.i.DiagnosticsManager]   neostore.propertystore.db.index.keys: 2017-04-20T10:21:41+0100 - 8.00 kB
2017-04-20 09:21:44.472+0000 INFO  [o.n.k.i.DiagnosticsManager]   neostore.propertystore.db.index.keys.id: 2017-04-20T10:21:41+0100 - 9.00 B
2017-04-20 09:21:44.473+0000 INFO  [o.n.k.i.DiagnosticsManager]   neostore.propertystore.db.strings: 2017-04-20T10:21:41+0100 - 8.00 kB
2017-04-20 09:21:44.473+0000 INFO  [o.n.k.i.DiagnosticsManager]   neostore.propertystore.db.strings.id: 2017-04-20T10:21:41+0100 - 9.00 B
2017-04-20 09:21:44.474+0000 INFO  [o.n.k.i.DiagnosticsManager]   neostore.relationshipgroupstore.db: 2017-04-20T10:21:42+0100 - 8.00 kB
2017-04-20 09:21:44.474+0000 INFO  [o.n.k.i.DiagnosticsManager]   neostore.relationshipgroupstore.db.id: 2017-04-20T10:21:42+0100 - 9.00 B
2017-04-20 09:21:44.475+0000 INFO  [o.n.k.i.DiagnosticsManager]   neostore.relationshipstore.db: 2017-04-20T10:21:41+0100 - 0.00 B
2017-04-20 09:21:44.475+0000 INFO  [o.n.k.i.DiagnosticsManager]   neostore.relationshipstore.db.id: 2017-04-20T10:21:41+0100 - 9.00 B
2017-04-20 09:21:44.476+0000 INFO  [o.n.k.i.DiagnosticsManager]   neostore.relationshiptypestore.db: 2017-04-20T10:21:42+0100 - 0.00 B
2017-04-20 09:21:44.476+0000 INFO  [o.n.k.i.DiagnosticsManager]   neostore.relationshiptypestore.db.id: 2017-04-20T10:21:42+0100 - 9.00 B
2017-04-20 09:21:44.477+0000 INFO  [o.n.k.i.DiagnosticsManager]   neostore.relationshiptypestore.db.names: 2017-04-20T10:21:42+0100 - 8.00 kB
2017-04-20 09:21:44.477+0000 INFO  [o.n.k.i.DiagnosticsManager]   neostore.relationshiptypestore.db.names.id: 2017-04-20T10:21:42+0100 - 9.00 B
2017-04-20 09:21:44.478+0000 INFO  [o.n.k.i.DiagnosticsManager]   neostore.schemastore.db: 2017-04-20T10:21:42+0100 - 8.00 kB
2017-04-20 09:21:44.478+0000 INFO  [o.n.k.i.DiagnosticsManager]   neostore.schemastore.db.id: 2017-04-20T10:21:42+0100 - 9.00 B
2017-04-20 09:21:44.479+0000 INFO  [o.n.k.i.DiagnosticsManager]   neostore.transaction.db.0: 2017-04-20T10:21:43+0100 - 16.00 B
2017-04-20 09:21:44.479+0000 INFO  [o.n.k.i.DiagnosticsManager]   schema:
2017-04-20 09:21:44.480+0000 INFO  [o.n.k.i.DiagnosticsManager]     label:
2017-04-20 09:21:44.481+0000 INFO  [o.n.k.i.DiagnosticsManager]       lucene:
2017-04-20 09:21:44.482+0000 INFO  [o.n.k.i.DiagnosticsManager]         labelStore:
2017-04-20 09:21:44.483+0000 INFO  [o.n.k.i.DiagnosticsManager]           1:
2017-04-20 09:21:44.484+0000 INFO  [o.n.k.i.DiagnosticsManager]             write.lock: 2017-04-20T10:21:43+0100 - 0.00 B
2017-04-20 09:21:44.484+0000 INFO  [o.n.k.i.DiagnosticsManager]           - Total: 2017-04-20T10:21:43+0100 - 0.00 B
2017-04-20 09:21:44.485+0000 INFO  [o.n.k.i.DiagnosticsManager]           failure-message: 2017-04-20T10:21:43+0100 - 16.00 kB
2017-04-20 09:21:44.486+0000 INFO  [o.n.k.i.DiagnosticsManager]         - Total: 2017-04-20T10:21:43+0100 - 16.00 kB
2017-04-20 09:21:44.486+0000 INFO  [o.n.k.i.DiagnosticsManager]       - Total: 2017-04-20T10:21:43+0100 - 16.00 kB
2017-04-20 09:21:44.487+0000 INFO  [o.n.k.i.DiagnosticsManager]     - Total: 2017-04-20T10:21:43+0100 - 16.00 kB
2017-04-20 09:21:44.487+0000 INFO  [o.n.k.i.DiagnosticsManager]   - Total: 2017-04-20T10:21:43+0100 - 16.00 kB
2017-04-20 09:21:44.488+0000 INFO  [o.n.k.i.DiagnosticsManager]   store_lock: 2017-04-20T10:21:40+0100 - 0.00 B
2017-04-20 09:21:44.488+0000 INFO  [o.n.k.i.DiagnosticsManager] --- STARTED diagnostics for KernelDiagnostics:StoreFiles END ---
2017-04-20 09:21:44.523+0000 INFO  [o.n.k.i.DiagnosticsManager] --- SERVER STARTED START ---
2017-04-20 09:21:45.844+0000 INFO  [o.n.k.i.DiagnosticsManager] --- SERVER STARTED END ---
2017-04-20 09:22:39.460+0000 INFO  [o.n.c.i.ExecutionEngine] Discarded stale query from the query cache: CALL db.labels() YIELD label
WITH COLLECT(label) AS labels
RETURN 'labels' as a, labels as result
UNION
CALL db.relationshipTypes() YIELD relationshipType
WITH COLLECT(relationshipType) AS relationshipTypes
RETURN 'relationshipTypes'as a, relationshipTypes as result
UNION
CALL db.propertyKeys() YIELD propertyKey
WITH COLLECT(propertyKey) AS propertyKeys
RETURN 'propertyKeys' as a, propertyKeys as result
2017-04-20 09:22:39.500+0000 INFO  [o.n.c.i.CypherCompiler] Discarded stale query from the query cache: CALL db.labels() YIELD label
WITH COLLECT(label) AS labels
RETURN 'labels' as a, labels as result
UNION
CALL db.relationshipTypes() YIELD relationshipType
WITH COLLECT(relationshipType) AS relationshipTypes
RETURN 'relationshipTypes'as a, relationshipTypes as result
UNION
CALL db.propertyKeys() YIELD propertyKey
WITH COLLECT(propertyKey) AS propertyKeys
RETURN 'propertyKeys' as a, propertyKeys as result
2017-04-20 09:24:51.602+0000 WARN  [o.n.k.i.c.MonitorGc] GC Monitor: Application threads blocked for 689ms.
2017-04-20 09:26:44.308+0000 INFO  [o.n.k.i.t.l.c.CheckPointerImpl] Check Pointing triggered by scheduler for time threshold [24]:  Starting check pointing...
2017-04-20 09:26:44.308+0000 INFO  [o.n.k.i.t.l.c.CheckPointerImpl] Check Pointing triggered by scheduler for time threshold [24]:  Starting store flush...
2017-04-20 09:26:44.617+0000 INFO  [o.n.k.i.s.c.CountsTracker] About to rotate counts store at transaction 24 to [C:\Users\Vaida\Desktop\Monday\neostore.counts.db.b], from [C:\Users\Vaida\Desktop\Monday\neostore.counts.db.a].
2017-04-20 09:26:44.625+0000 INFO  [o.n.k.i.s.c.CountsTracker] Successfully rotated counts store at transaction 24 to [C:\Users\Vaida\Desktop\Monday\neostore.counts.db.b], from [C:\Users\Vaida\Desktop\Monday\neostore.counts.db.a].
2017-04-20 09:26:45.336+0000 INFO  [o.n.k.i.t.l.c.CheckPointerImpl] Check Pointing triggered by scheduler for time threshold [24]:  Store flush completed
2017-04-20 09:26:45.337+0000 INFO  [o.n.k.i.t.l.c.CheckPointerImpl] Check Pointing triggered by scheduler for time threshold [24]:  Starting appending check point entry into the tx log...
2017-04-20 09:26:45.365+0000 INFO  [o.n.k.i.t.l.c.CheckPointerImpl] Check Pointing triggered by scheduler for time threshold [24]:  Appending check point entry into the tx log completed
2017-04-20 09:26:45.365+0000 INFO  [o.n.k.i.t.l.c.CheckPointerImpl] Check Pointing triggered by scheduler for time threshold [24]:  Check pointing completed
2017-04-20 09:26:45.366+0000 INFO  [o.n.k.i.t.l.p.LogPruningImpl] Log Rotation [0]:  Starting log pruning.
2017-04-20 09:26:45.366+0000 INFO  [o.n.k.i.t.l.p.LogPruningImpl] Log Rotation [0]:  Log pruning complete.
2017-04-20 09:34:20.963+0000 INFO  [o.n.k.i.f.GraphDatabaseFacadeFactory] Shutdown started
2017-04-20 09:34:20.964+0000 INFO  [o.n.k.i.f.GraphDatabaseFacadeFactory] Database is now unavailable
2017-04-20 09:34:21.010+0000 INFO  [o.n.k.i.t.l.c.CheckPointerImpl] Check Pointing triggered by database shutdown [24]:  Starting check pointing...
2017-04-20 09:34:21.028+0000 INFO  [o.n.k.i.t.l.c.CheckPointerImpl] Check Pointing triggered by database shutdown [24]:  Starting store flush...
2017-04-20 09:34:21.087+0000 INFO  [o.n.k.i.t.l.c.CheckPointerImpl] Check Pointing triggered by database shutdown [24]:  Store flush completed
2017-04-20 09:34:21.087+0000 INFO  [o.n.k.i.t.l.c.CheckPointerImpl] Check Pointing triggered by database shutdown [24]:  Starting appending check point entry into the tx log...
2017-04-20 09:34:21.104+0000 INFO  [o.n.k.i.t.l.c.CheckPointerImpl] Check Pointing triggered by database shutdown [24]:  Appending check point entry into the tx log completed
2017-04-20 09:34:21.104+0000 INFO  [o.n.k.i.t.l.c.CheckPointerImpl] Check Pointing triggered by database shutdown [24]:  Check pointing completed
2017-04-20 09:34:21.104+0000 INFO  [o.n.k.i.t.l.p.LogPruningImpl] Log Rotation [0]:  Starting log pruning.
2017-04-20 09:34:21.108+0000 INFO  [o.n.k.i.t.l.p.LogPruningImpl] Log Rotation [0]:  Log pruning complete.
2017-04-20 09:34:23.556+0000 INFO  [o.n.k.i.DiagnosticsManager] --- STOPPING diagnostics START ---
2017-04-20 09:34:23.556+0000 INFO  [o.n.k.i.DiagnosticsManager] --- STOPPING diagnostics END ---
